<?xml version="1.0" encoding="UTF-8"?>
<testsuite failures="1" skip="0" tests="1" name="Test" errors="0">
<testcase classname="Test.Robotframework.Acceptance.CrossoverJobsTest" name="Jobs Segment Keyword Search Test Case" time="74">
<failure message="TimeoutException: Timed out after 20 seconds waiting for value to be &quot;disabled&quot;. Current value: &quot;true&quot;&#10;Build info: version: '2.53.0', revision: '35ae25b1534ae328c771e0856c93e187490ca824', time: '2016-03-15 10:43:46'&#10;System info: host: 'Mahipals-Air.lan', ip: '192.168.1.141', os.name: 'Mac OS X', os.arch: 'x86_64', os.version: '10.12.6', java.version: '1.8.0_144'&#10;Driver info: org.openqa.selenium.chrome.ChromeDriver&#10;Capabilities [{applicationCacheEnabled=false, rotatable=false, mobileEmulationEnabled=false, networkConnectionEnabled=false, chrome={chromedriverVersion=2.33.506106 (8a06c39c4582fbfbab6966dbb1c38a9173bfb1a2), userDataDir=/var/folders/x3/bbtn1pxj20j34dztyhrr1qrh0000gn/T/.org.chromium.Chromium.aMWOXx}, takesHeapSnapshot=true, pageLoadStrategy=normal, databaseEnabled=false, handlesAlerts=true, hasTouchScreen=false, version=62.0.3202.94, platform=MAC, browserConnectionEnabled=false, nativeEvents=true, acceptSslCerts=true, locationContextEnabled=true, webStorageEnabled=true, browserName=chrome, takesScreenshot=true, javascriptEnabled=true, cssSelectorsEnabled=true, setWindowRect=true, unexpectedAlertBehaviour=}]&#10;Session ID: c4978ad59d314c5a7b801d9a67b86ace" type="AssertionError"></failure>
</testcase>
</testsuite>
